<?xml version="1.0" encoding="UTF-8"?>
<testsuite name="TestLs" tests="1" skipped="0" failures="0" errors="0" timestamp="2022-04-08T00:36:48" hostname="LAPTOP-7SK40SKA" time="0.121">
  <properties/>
  <testcase name="test5()" classname="TestLs" time="0.121"/>
  <system-out><![CDATA[]]></system-out>
  <system-err><![CDATA[]]></system-err>
</testsuite>
