<?xml version="1.0" encoding="UTF-8"?>
<testsuite name="TestLs" tests="1" skipped="0" failures="0" errors="0" timestamp="2022-04-06T15:16:43" hostname="LAPTOP-7SK40SKA" time="0.07">
  <properties/>
  <testcase name="autoTest()" classname="TestLs" time="0.07"/>
  <system-out><![CDATA[]]></system-out>
  <system-err><![CDATA[]]></system-err>
</testsuite>
